[2013-01-03 20:54:08] START
[2013-01-03 21:29:10] EDIT home/views/plugin_layouts/layouts/Emporium.html: 0
[2013-01-03 21:30:42] EDIT home/views/plugin_layouts/layouts/Emporium.html: 0
[2013-01-03 21:51:46] EDIT home/static/css/bootstrap.min.css: 889
[2013-01-03 21:54:51] EDIT home/views/plugin_layouts/layouts/Emporium.html: 1
[2013-01-03 22:23:44] EDIT home/static/plugin_layouts/layouts/Emporium/default.css: 1
[2013-01-03 22:25:29] EDIT home/static/plugin_layouts/layouts/Emporium/default.css: 0
[2013-01-03 22:31:05] EDIT home/static/plugin_layouts/layouts/Emporium/default.css: -1
[2013-01-03 22:32:33] EDIT home/static/plugin_layouts/layouts/Emporium/default.css: 1
[2013-01-03 22:33:17] EDIT home/static/plugin_layouts/layouts/Emporium/default.css: 1
[2013-01-03 22:33:51] EDIT home/static/plugin_layouts/layouts/Emporium/default.css: 0
[2013-01-03 22:36:01] EDIT home/static/plugin_layouts/layouts/Emporium/default.css: 0
[2013-01-03 22:36:54] EDIT home/static/plugin_layouts/layouts/Emporium/default.css: 0
[2013-01-03 22:37:43] EDIT home/static/plugin_layouts/layouts/Emporium/default.css: 0
[2013-01-03 22:39:45] EDIT home/static/plugin_layouts/layouts/Emporium/default.css: 0
[2013-01-03 23:31:46] EDIT home/models/menu.py: -70
[2013-01-03 23:33:12] EDIT home/models/menu.py: 70
[2013-01-04 19:01:37] EDIT home/views/default/index.html: 0
[2013-01-04 19:05:21] EDIT home/views/layout.html: -35
[2013-01-04 19:18:19] EDIT home/views/plugin_layouts/layouts/Emporium.html: 0
[2013-01-04 19:21:24] EDIT home/views/layout.html: 0
